Jan 22 2021 12:29:29
{"type":8192,"message":"Function get_magic_quotes_gpc() is deprecated","file":"\/Applications\/MAMP\/htdocs\/BODcorpsite\/wp-includes\/formatting.php","line":4359}

Jan 22 2021 12:29:29
{"Number":8192,"Message":"Function get_magic_quotes_gpc() is deprecated","File":"\/Applications\/MAMP\/htdocs\/BODcorpsite\/wp-includes\/formatting.php","Line":4359}

Jan 22 2021 12:29:29
{"type":8192,"message":"Function get_magic_quotes_gpc() is deprecated","file":"\/Applications\/MAMP\/htdocs\/BODcorpsite\/wp-includes\/formatting.php","line":4359}

Jan 22 2021 12:29:37
{"type":8192,"message":"Function get_magic_quotes_gpc() is deprecated","file":"\/Applications\/MAMP\/htdocs\/BODcorpsite\/wp-includes\/formatting.php","line":4359}

Jan 22 2021 12:29:37
{"type":8192,"message":"Function get_magic_quotes_gpc() is deprecated","file":"\/Applications\/MAMP\/htdocs\/BODcorpsite\/wp-includes\/formatting.php","line":4359}

Jan 22 2021 12:29:53
{"type":8192,"message":"Function get_magic_quotes_gpc() is deprecated","file":"\/Applications\/MAMP\/htdocs\/BODcorpsite\/wp-includes\/formatting.php","line":4359}

Jan 22 2021 12:29:55
{"type":8192,"message":"Function get_magic_quotes_gpc() is deprecated","file":"\/Applications\/MAMP\/htdocs\/BODcorpsite\/wp-includes\/formatting.php","line":4359}

Jan 22 2021 12:30:05
{"type":8192,"message":"Function get_magic_quotes_gpc() is deprecated","file":"\/Applications\/MAMP\/htdocs\/BODcorpsite\/wp-includes\/formatting.php","line":4359}

Jan 22 2021 12:30:14
{"type":8192,"message":"Function get_magic_quotes_gpc() is deprecated","file":"\/Applications\/MAMP\/htdocs\/BODcorpsite\/wp-includes\/formatting.php","line":4359}

Jan 22 2021 12:30:19
{"type":8192,"message":"Function get_magic_quotes_gpc() is deprecated","file":"\/Applications\/MAMP\/htdocs\/BODcorpsite\/wp-includes\/formatting.php","line":4359}

Jan 22 2021 12:30:30
{"type":8192,"message":"Function get_magic_quotes_gpc() is deprecated","file":"\/Applications\/MAMP\/htdocs\/BODcorpsite\/wp-includes\/formatting.php","line":4359}

Jan 22 2021 12:30:35
{"type":8192,"message":"Function get_magic_quotes_gpc() is deprecated","file":"\/Applications\/MAMP\/htdocs\/BODcorpsite\/wp-includes\/formatting.php","line":4359}

Jan 22 2021 12:30:35
{"type":8192,"message":"Function get_magic_quotes_gpc() is deprecated","file":"\/Applications\/MAMP\/htdocs\/BODcorpsite\/wp-includes\/formatting.php","line":4359}

Jan 22 2021 12:30:38
{"type":8192,"message":"Function get_magic_quotes_gpc() is deprecated","file":"\/Applications\/MAMP\/htdocs\/BODcorpsite\/wp-includes\/formatting.php","line":4359}

Jan 22 2021 14:51:09
{"type":8192,"message":"Function get_magic_quotes_gpc() is deprecated","file":"\/Applications\/MAMP\/htdocs\/BODcorpsite\/wp-includes\/formatting.php","line":4359}

Jan 22 2021 14:51:11
{"Number":8192,"Message":"Function get_magic_quotes_gpc() is deprecated","File":"\/Applications\/MAMP\/htdocs\/BODcorpsite\/wp-includes\/formatting.php","Line":4359}

Jan 22 2021 14:51:11
{"type":8192,"message":"Function get_magic_quotes_gpc() is deprecated","file":"\/Applications\/MAMP\/htdocs\/BODcorpsite\/wp-includes\/formatting.php","line":4359}

Jan 22 2021 14:51:19
{"type":8192,"message":"Function get_magic_quotes_gpc() is deprecated","file":"\/Applications\/MAMP\/htdocs\/BODcorpsite\/wp-includes\/formatting.php","line":4359}

Jan 22 2021 14:51:20
{"type":8192,"message":"Function get_magic_quotes_gpc() is deprecated","file":"\/Applications\/MAMP\/htdocs\/BODcorpsite\/wp-includes\/formatting.php","line":4359}

Jan 22 2021 14:51:28
{"type":8192,"message":"Function get_magic_quotes_gpc() is deprecated","file":"\/Applications\/MAMP\/htdocs\/BODcorpsite\/wp-includes\/formatting.php","line":4359}

Jan 22 2021 14:51:30
{"type":8192,"message":"Function get_magic_quotes_gpc() is deprecated","file":"\/Applications\/MAMP\/htdocs\/BODcorpsite\/wp-includes\/formatting.php","line":4359}

Jan 22 2021 14:51:41
{"type":8192,"message":"Function get_magic_quotes_gpc() is deprecated","file":"\/Applications\/MAMP\/htdocs\/BODcorpsite\/wp-includes\/formatting.php","line":4359}

Jan 22 2021 14:51:53
{"type":8192,"message":"Function get_magic_quotes_gpc() is deprecated","file":"\/Applications\/MAMP\/htdocs\/BODcorpsite\/wp-includes\/formatting.php","line":4359}

Jan 22 2021 14:51:59
{"type":8192,"message":"Function get_magic_quotes_gpc() is deprecated","file":"\/Applications\/MAMP\/htdocs\/BODcorpsite\/wp-includes\/formatting.php","line":4359}

Jan 22 2021 14:52:05
{"type":8192,"message":"Function get_magic_quotes_gpc() is deprecated","file":"\/Applications\/MAMP\/htdocs\/BODcorpsite\/wp-includes\/formatting.php","line":4359}

Jan 22 2021 14:52:17
{"type":8192,"message":"Function get_magic_quotes_gpc() is deprecated","file":"\/Applications\/MAMP\/htdocs\/BODcorpsite\/wp-includes\/formatting.php","line":4359}

Jan 22 2021 14:52:23
{"type":8192,"message":"Function get_magic_quotes_gpc() is deprecated","file":"\/Applications\/MAMP\/htdocs\/BODcorpsite\/wp-includes\/formatting.php","line":4359}

Jan 22 2021 14:52:24
{"type":8192,"message":"Function get_magic_quotes_gpc() is deprecated","file":"\/Applications\/MAMP\/htdocs\/BODcorpsite\/wp-includes\/formatting.php","line":4359}

Jan 22 2021 14:52:25
{"type":8192,"message":"Function get_magic_quotes_gpc() is deprecated","file":"\/Applications\/MAMP\/htdocs\/BODcorpsite\/wp-includes\/formatting.php","line":4359}

Jan 25 2021 17:07:59
{"type":8192,"message":"Function get_magic_quotes_gpc() is deprecated","file":"\/Users\/kalyan\/Local Sites\/bod\/app\/public\/wp-includes\/formatting.php","line":4359}

Jan 25 2021 17:07:59
{"Number":8192,"Message":"Function get_magic_quotes_gpc() is deprecated","File":"\/Users\/kalyan\/Local Sites\/bod\/app\/public\/wp-includes\/formatting.php","Line":4359}

Jan 25 2021 17:07:59
{"type":8192,"message":"Function get_magic_quotes_gpc() is deprecated","file":"\/Users\/kalyan\/Local Sites\/bod\/app\/public\/wp-includes\/formatting.php","line":4359}

Jan 25 2021 17:07:59
{"type":8192,"message":"Function get_magic_quotes_gpc() is deprecated","file":"\/Users\/kalyan\/Local Sites\/bod\/app\/public\/wp-includes\/formatting.php","line":4359}

Jan 25 2021 17:07:59
{"type":8192,"message":"Function get_magic_quotes_gpc() is deprecated","file":"\/Users\/kalyan\/Local Sites\/bod\/app\/public\/wp-includes\/formatting.php","line":4359}

Jan 25 2021 17:08:04
{"type":8192,"message":"Function get_magic_quotes_gpc() is deprecated","file":"\/Users\/kalyan\/Local Sites\/bod\/app\/public\/wp-includes\/formatting.php","line":4359}

Jan 25 2021 17:08:04
{"type":8192,"message":"Function get_magic_quotes_gpc() is deprecated","file":"\/Users\/kalyan\/Local Sites\/bod\/app\/public\/wp-includes\/formatting.php","line":4359}

Jan 25 2021 17:08:06
{"type":8192,"message":"Function get_magic_quotes_gpc() is deprecated","file":"\/Users\/kalyan\/Local Sites\/bod\/app\/public\/wp-includes\/formatting.php","line":4359}

Jan 25 2021 17:08:07
{"type":8192,"message":"Function get_magic_quotes_gpc() is deprecated","file":"\/Users\/kalyan\/Local Sites\/bod\/app\/public\/wp-includes\/formatting.php","line":4359}

Jan 25 2021 17:08:17
{"type":8192,"message":"Function get_magic_quotes_gpc() is deprecated","file":"\/Users\/kalyan\/Local Sites\/bod\/app\/public\/wp-includes\/formatting.php","line":4359}

Jan 25 2021 17:08:18
{"type":8192,"message":"Function get_magic_quotes_gpc() is deprecated","file":"\/Users\/kalyan\/Local Sites\/bod\/app\/public\/wp-includes\/formatting.php","line":4359}

Jan 25 2021 17:08:18
{"type":8192,"message":"Function get_magic_quotes_gpc() is deprecated","file":"\/Users\/kalyan\/Local Sites\/bod\/app\/public\/wp-includes\/formatting.php","line":4359}

Jan 25 2021 17:08:20
{"type":8192,"message":"Function get_magic_quotes_gpc() is deprecated","file":"\/Users\/kalyan\/Local Sites\/bod\/app\/public\/wp-includes\/formatting.php","line":4359}

Jan 26 2021 06:31:21
{"Number":8192,"Message":"Function get_magic_quotes_gpc() is deprecated","File":"\/Users\/kalyan\/Local Sites\/bod\/app\/public\/wp-includes\/formatting.php","Line":4383}

Jan 26 2021 06:31:21
{"type":8192,"message":"Function get_magic_quotes_gpc() is deprecated","file":"\/Users\/kalyan\/Local Sites\/bod\/app\/public\/wp-includes\/formatting.php","line":4383}

Jan 26 2021 06:31:21
{"type":8192,"message":"Function get_magic_quotes_gpc() is deprecated","file":"\/Users\/kalyan\/Local Sites\/bod\/app\/public\/wp-includes\/formatting.php","line":4383}

Jan 26 2021 06:31:21
{"type":8192,"message":"Function get_magic_quotes_gpc() is deprecated","file":"\/Users\/kalyan\/Local Sites\/bod\/app\/public\/wp-includes\/formatting.php","line":4383}

Jan 26 2021 06:31:22
{"type":8192,"message":"Function get_magic_quotes_gpc() is deprecated","file":"\/Users\/kalyan\/Local Sites\/bod\/app\/public\/wp-includes\/formatting.php","line":4383}

Jan 26 2021 06:31:26
{"type":8192,"message":"Function get_magic_quotes_gpc() is deprecated","file":"\/Users\/kalyan\/Local Sites\/bod\/app\/public\/wp-includes\/formatting.php","line":4383}

Jan 26 2021 06:31:36
{"type":8192,"message":"Function get_magic_quotes_gpc() is deprecated","file":"\/Users\/kalyan\/Local Sites\/bod\/app\/public\/wp-includes\/formatting.php","line":4383}

Jan 26 2021 06:31:46
{"type":8192,"message":"Function get_magic_quotes_gpc() is deprecated","file":"\/Users\/kalyan\/Local Sites\/bod\/app\/public\/wp-includes\/formatting.php","line":4383}

Jan 26 2021 06:31:57
{"type":8192,"message":"Function get_magic_quotes_gpc() is deprecated","file":"\/Users\/kalyan\/Local Sites\/bod\/app\/public\/wp-includes\/formatting.php","line":4383}

Jan 26 2021 06:32:07
{"type":8192,"message":"Function get_magic_quotes_gpc() is deprecated","file":"\/Users\/kalyan\/Local Sites\/bod\/app\/public\/wp-includes\/formatting.php","line":4383}

Jan 26 2021 06:32:18
{"type":8192,"message":"Function get_magic_quotes_gpc() is deprecated","file":"\/Users\/kalyan\/Local Sites\/bod\/app\/public\/wp-includes\/formatting.php","line":4383}

Jan 26 2021 06:32:20
{"type":8192,"message":"Function get_magic_quotes_gpc() is deprecated","file":"\/Users\/kalyan\/Local Sites\/bod\/app\/public\/wp-includes\/formatting.php","line":4383}

Jan 26 2021 06:32:22
{"type":8192,"message":"Function get_magic_quotes_gpc() is deprecated","file":"\/Users\/kalyan\/Local Sites\/bod\/app\/public\/wp-includes\/formatting.php","line":4383}

Jan 26 2021 06:32:22
{"type":8192,"message":"Function get_magic_quotes_gpc() is deprecated","file":"\/Users\/kalyan\/Local Sites\/bod\/app\/public\/wp-includes\/formatting.php","line":4383}

Jan 26 2021 06:32:22
{"type":8192,"message":"Function get_magic_quotes_gpc() is deprecated","file":"\/Users\/kalyan\/Local Sites\/bod\/app\/public\/wp-includes\/formatting.php","line":4383}

Jan 26 2021 06:32:23
{"type":8192,"message":"Function get_magic_quotes_gpc() is deprecated","file":"\/Users\/kalyan\/Local Sites\/bod\/app\/public\/wp-includes\/formatting.php","line":4383}

